<?xml version="1.0" encoding="utf-8" standalone="no"?>
<test-results xmlns:xsi="http://www.w3.org/2001/XMLSchema-instance" xsi:noNamespaceSchemaLocation="nunit_schema_2.5.xsd" name="Pester" total="28" errors="0" failures="2" not-run="0" inconclusive="0" ignored="0" skipped="2" invalid="0" date="2022-11-04" time="22:59:49">
  <environment platform="Microsoft Windows 11 Pro Insider Preview|C:\WINDOWS|\Device\Harddisk0\Partition5" os-version="10.0.25231" machine-name="DESKTOP-CUSTOM" user-domain="DESKTOP-CUSTOM" clr-version="Unknown" cwd="C:\Users\jimmy\Documents\PowerShell\CustomModules\PSClearHost\Tests" nunit-version="2.5.8.0" user="jimmy" />
  <culture-info current-culture="en-US" current-uiculture="en-US" />
  <test-suite type="TestFixture" name="Pester" executed="True" result="Failure" success="False" time="2.3084" asserts="0" description="Pester">
    <results>
      <test-suite type="TestFixture" name="C:\Users\jimmy\Documents\PowerShell\CustomModules\PSClearHost\Tests\Help.Tests.ps1" executed="True" result="Success" success="True" time="1.3988" asserts="0" description="C:\Users\jimmy\Documents\PowerShell\CustomModules\PSClearHost\Tests\Help.Tests.ps1">
        <results>
          <test-suite type="TestFixture" name="Test help for Clear-HostRaindrop" executed="True" result="Success" success="True" time="0.7381" asserts="0" description="Test help for Clear-HostRaindrop">
            <results>
              <test-suite type="TestFixture" name="Test help for Clear-HostRaindrop.Parameter DebugSkipRender" executed="True" result="Success" success="True" time="0.6396" asserts="0" description="Test help for Clear-HostRaindrop.Parameter DebugSkipRender">
                <results>
                  <test-case description="Has description" name="Test help for Clear-HostRaindrop.Parameter DebugSkipRender.Has description" time="0.0132" asserts="0" success="True" result="Success" executed="True" />
                  <test-case description="Has correct [mandatory] value" name="Test help for Clear-HostRaindrop.Parameter DebugSkipRender.Has correct [mandatory] value" time="0.0061" asserts="0" success="True" result="Success" executed="True" />
                  <test-case description="Has correct parameter type" name="Test help for Clear-HostRaindrop.Parameter DebugSkipRender.Has correct parameter type" time="0.0055" asserts="0" success="True" result="Success" executed="True" />
                </results>
              </test-suite>
              <test-suite type="TestFixture" name="Test help for Clear-HostRaindrop.Parameter Mode" executed="True" result="Success" success="True" time="0.6662" asserts="0" description="Test help for Clear-HostRaindrop.Parameter Mode">
                <results>
                  <test-case description="Has description" name="Test help for Clear-HostRaindrop.Parameter Mode.Has description" time="0.0057" asserts="0" success="True" result="Success" executed="True" />
                  <test-case description="Has correct [mandatory] value" name="Test help for Clear-HostRaindrop.Parameter Mode.Has correct [mandatory] value" time="0.0044" asserts="0" success="True" result="Success" executed="True" />
                  <test-case description="Has correct parameter type" name="Test help for Clear-HostRaindrop.Parameter Mode.Has correct parameter type" time="0.0052" asserts="0" success="True" result="Success" executed="True" />
                </results>
              </test-suite>
              <test-suite type="TestFixture" name="Test help for Clear-HostRaindrop.Parameter Speed" executed="True" result="Success" success="True" time="0.6921" asserts="0" description="Test help for Clear-HostRaindrop.Parameter Speed">
                <results>
                  <test-case description="Has description" name="Test help for Clear-HostRaindrop.Parameter Speed.Has description" time="0.0066" asserts="0" success="True" result="Success" executed="True" />
                  <test-case description="Has correct [mandatory] value" name="Test help for Clear-HostRaindrop.Parameter Speed.Has correct [mandatory] value" time="0.0059" asserts="0" success="True" result="Success" executed="True" />
                  <test-case description="Has correct parameter type" name="Test help for Clear-HostRaindrop.Parameter Speed.Has correct parameter type" time="0.006" asserts="0" success="True" result="Success" executed="True" />
                </results>
              </test-suite>
              <test-case description="Help is not auto-generated" name="Test help for Clear-HostRaindrop.Help is not auto-generated" time="0.0978" asserts="0" success="True" result="Success" executed="True" />
              <test-case description="Has description" name="Test help for Clear-HostRaindrop.Has description" time="0.045" asserts="0" success="True" result="Success" executed="True" />
              <test-case description="Has example code" name="Test help for Clear-HostRaindrop.Has example code" time="0.0073" asserts="0" success="True" result="Success" executed="True" />
              <test-case description="Has example help" name="Test help for Clear-HostRaindrop.Has example help" time="0.0053" asserts="0" success="True" result="Success" executed="True" />
              <test-suite type="ParameterizedTest" name="Test help for &lt;_.Name&gt;.Help link &lt;_&gt; is valid" executed="True" result="Success" success="True" time="0.4211" asserts="0" description="Help link &lt;_&gt; is valid">
                <results>
                  <test-case description="Help link https://github.com/jimbrig/PSClearHost is valid" name="Test help for Clear-HostRaindrop.Help link https://github.com/jimbrig/PSClearHost is valid" time="0.4211" asserts="0" success="True" result="Success" executed="True" />
                </results>
              </test-suite>
            </results>
          </test-suite>
        </results>
      </test-suite>
      <test-suite type="TestFixture" name="C:\Users\jimmy\Documents\PowerShell\CustomModules\PSClearHost\Tests\Manifest.Tests.ps1" executed="True" result="Failure" success="False" time="0.4035" asserts="0" description="C:\Users\jimmy\Documents\PowerShell\CustomModules\PSClearHost\Tests\Manifest.Tests.ps1">
        <results>
          <test-suite type="TestFixture" name="Module manifest" executed="True" result="Failure" success="False" time="0.143" asserts="0" description="Module manifest">
            <results>
              <test-suite type="TestFixture" name="Module manifest.Validation" executed="True" result="Failure" success="False" time="0.1403" asserts="0" description="Module manifest.Validation">
                <results>
                  <test-case description="Has a valid manifest" name="Module manifest.Validation.Has a valid manifest" time="0.01" asserts="0" success="True" result="Success" executed="True" />
                  <test-case description="Has a valid name in the manifest" name="Module manifest.Validation.Has a valid name in the manifest" time="0.0063" asserts="0" success="True" result="Success" executed="True" />
                  <test-case description="Has a valid root module" name="Module manifest.Validation.Has a valid root module" time="0.0115" asserts="0" success="True" result="Success" executed="True" />
                  <test-case description="Has a valid version in the manifest" name="Module manifest.Validation.Has a valid version in the manifest" time="0.009" asserts="0" success="True" result="Success" executed="True" />
                  <test-case description="Has a valid description" name="Module manifest.Validation.Has a valid description" time="0.0061" asserts="0" success="True" result="Success" executed="True" />
                  <test-case description="Has a valid author" name="Module manifest.Validation.Has a valid author" time="0.0064" asserts="0" success="True" result="Success" executed="True" />
                  <test-case description="Has a valid guid" name="Module manifest.Validation.Has a valid guid" time="0.0188" asserts="0" success="True" result="Success" executed="True" />
                  <test-case description="Has a valid copyright" name="Module manifest.Validation.Has a valid copyright" time="0.0062" asserts="0" success="True" result="Success" executed="True" />
                  <test-case description="Has a valid version in the changelog" name="Module manifest.Validation.Has a valid version in the changelog" time="0.0479" asserts="0" success="False" result="Failure" executed="True">
                    <failure>
                      <message>Expected a value, but got $null or empty.</message>
                      <stack-trace>at $changelogVersion               | Should -Not -BeNullOrEmpty, C:\Users\jimmy\Documents\PowerShell\CustomModules\PSClearHost\Tests\Manifest.Tests.ps1:57
at &lt;ScriptBlock&gt;, C:\Users\jimmy\Documents\PowerShell\CustomModules\PSClearHost\Tests\Manifest.Tests.ps1:57</stack-trace>
                    </failure>
                  </test-case>
                  <test-case description="Changelog and manifest versions are the same" name="Module manifest.Validation.Changelog and manifest versions are the same" time="0.0145" asserts="0" success="False" result="Failure" executed="True">
                    <failure>
                      <message>Expected 1.0.0, but got $null.</message>
                      <stack-trace>at $changelogVersion -as [Version] | Should -Be ( $manifestData.Version -as [Version] ), C:\Users\jimmy\Documents\PowerShell\CustomModules\PSClearHost\Tests\Manifest.Tests.ps1:62
at &lt;ScriptBlock&gt;, C:\Users\jimmy\Documents\PowerShell\CustomModules\PSClearHost\Tests\Manifest.Tests.ps1:62</stack-trace>
                    </failure>
                  </test-case>
                </results>
              </test-suite>
            </results>
          </test-suite>
          <test-suite type="TestFixture" name="Git tagging" executed="True" result="Ignored" success="True" time="0.1558" asserts="0" description="Git tagging">
            <results>
              <test-case description="Is tagged with a valid version" name="Git tagging.Is tagged with a valid version" time="0.0075" asserts="0" success="False" result="Ignored" executed="False" />
              <test-case description="Matches manifest version" name="Git tagging.Matches manifest version" time="0.0024" asserts="0" success="False" result="Ignored" executed="False" />
            </results>
          </test-suite>
        </results>
      </test-suite>
      <test-suite type="TestFixture" name="C:\Users\jimmy\Documents\PowerShell\CustomModules\PSClearHost\Tests\Meta.Tests.ps1" executed="True" result="Success" success="True" time="0.1998" asserts="0" description="C:\Users\jimmy\Documents\PowerShell\CustomModules\PSClearHost\Tests\Meta.Tests.ps1">
        <results>
          <test-suite type="TestFixture" name="Text files formatting" executed="True" result="Success" success="True" time="0.0228" asserts="0" description="Text files formatting">
            <results>
              <test-suite type="TestFixture" name="Text files formatting.File encoding" executed="True" result="Success" success="True" time="0.0086" asserts="0" description="Text files formatting.File encoding">
                <results>
                  <test-case description="No text file uses Unicode/UTF-16 encoding" name="Text files formatting.File encoding.No text file uses Unicode/UTF-16 encoding" time="0.006" asserts="0" success="True" result="Success" executed="True" />
                </results>
              </test-suite>
              <test-suite type="TestFixture" name="Text files formatting.Indentations" executed="True" result="Success" success="True" time="0.0203" asserts="0" description="Text files formatting.Indentations">
                <results>
                  <test-case description="No text file use tabs for indentations" name="Text files formatting.Indentations.No text file use tabs for indentations" time="0.0055" asserts="0" success="True" result="Success" executed="True" />
                </results>
              </test-suite>
            </results>
          </test-suite>
        </results>
      </test-suite>
    </results>
  </test-suite>
</test-results>